# JRE version: OpenJDK Runtime Environment Temurin-17.0.2+8 (17.0.2+8) (build 17.0.2+8)
# Java VM: OpenJDK 64-Bit Server VM Temurin-17.0.2+8 (17.0.2+8, mixed mode, tiered, compressed oops, compressed class ptrs, parallel gc, windows-amd64)
GC Precious Log:
 CPUs: 2 total, 2 available
 Memory: 5939M
 Large Page Support: Disabled
 NUMA Support: Disabled
 Compressed Oops: Enabled (32-bit)
 Alignments: Space 512K, Generation 512K, Heap 2M
 Heap Min Capacity: 100M
 Heap Initial Capacity: 100M
 Heap Max Capacity: 1G
 Pre-touch: Disabled
 Parallel Workers: 2
Heap:
 PSYoungGen      total 19968K, used 6551K [0x00000000eab00000, 0x00000000ec580000, 0x0000000100000000)
  eden space 16896K, 20% used [0x00000000eab00000,0x00000000eae69460,0x00000000ebb80000)
  from space 3072K, 99% used [0x00000000ebb80000,0x00000000ebe7c8d8,0x00000000ebe80000)
  to   space 5120K, 0% used [0x00000000ec080000,0x00000000ec080000,0x00000000ec580000)
 ParOldGen       total 275968K, used 230980K [0x00000000c0000000, 0x00000000d0d80000, 0x00000000eab00000)
  object space 275968K, 83% used [0x00000000c0000000,0x00000000ce191060,0x00000000d0d80000)
 Metaspace       used 71028K, committed 71936K, reserved 1114112K
  class space    used 7506K, committed 7936K, reserved 1048576K
GC Heap History (20 events):
Event: 147.429 GC heap before
{Heap before GC invocations=106 (full 10):
 PSYoungGen      total 22016K, used 22011K [0x00000000eab00000, 0x00000000ed080000, 0x0000000100000000)
  eden space 16896K, 100% used [0x00000000eab00000,0x00000000ebb80000,0x00000000ebb80000)
  from space 5120K, 99% used [0x00000000ec400000,0x00000000ec8fed90,0x00000000ec900000)
  to   space 7680K, 0% used [0x00000000ec900000,0x00000000ec900000,0x00000000ed080000)
 ParOldGen       total 275968K, used 220093K [0x00000000c0000000, 0x00000000d0d80000, 0x00000000eab00000)
  object space 275968K, 79% used [0x00000000c0000000,0x00000000cd6ef470,0x00000000d0d80000)
 Metaspace       used 62534K, committed 63424K, reserved 1105920K
  class space    used 6510K, committed 6848K, reserved 1048576K
}
Event: 147.440 GC heap after
{Heap after GC invocations=106 (full 10):
 PSYoungGen      total 20992K, used 3838K [0x00000000eab00000, 0x00000000ecd00000, 0x0000000100000000)
  eden space 16896K, 0% used [0x00000000eab00000,0x00000000eab00000,0x00000000ebb80000)
  from space 4096K, 93% used [0x00000000ec900000,0x00000000eccbfa00,0x00000000ecd00000)
  to   space 6144K, 0% used [0x00000000ec100000,0x00000000ec100000,0x00000000ec700000)
 ParOldGen       total 275968K, used 222370K [0x00000000c0000000, 0x00000000d0d80000, 0x00000000eab00000)
  object space 275968K, 80% used [0x00000000c0000000,0x00000000cd9288e8,0x00000000d0d80000)
 Metaspace       used 62534K, committed 63424K, reserved 1105920K
  class space    used 6510K, committed 6848K, reserved 1048576K
}
Event: 149.726 GC heap before
{Heap before GC invocations=107 (full 10):
 PSYoungGen      total 20992K, used 20619K [0x00000000eab00000, 0x00000000ecd00000, 0x0000000100000000)
  eden space 16896K, 99% used [0x00000000eab00000,0x00000000ebb63570,0x00000000ebb80000)
  from space 4096K, 93% used [0x00000000ec900000,0x00000000eccbfa00,0x00000000ecd00000)
  to   space 6144K, 0% used [0x00000000ec100000,0x00000000ec100000,0x00000000ec700000)
 ParOldGen       total 275968K, used 222370K [0x00000000c0000000, 0x00000000d0d80000, 0x00000000eab00000)
  object space 275968K, 80% used [0x00000000c0000000,0x00000000cd9288e8,0x00000000d0d80000)
 Metaspace       used 66396K, committed 67392K, reserved 1114112K
  class space    used 6983K, committed 7424K, reserved 1048576K
}
Event: 149.744 GC heap after
{Heap after GC invocations=107 (full 10):
 PSYoungGen      total 22528K, used 5524K [0x00000000eab00000, 0x00000000ec980000, 0x0000000100000000)
  eden space 16896K, 0% used [0x00000000eab00000,0x00000000eab00000,0x00000000ebb80000)
  from space 5632K, 98% used [0x00000000ec100000,0x00000000ec665078,0x00000000ec680000)
  to   space 3072K, 0% used [0x00000000ec680000,0x00000000ec680000,0x00000000ec980000)
 ParOldGen       total 275968K, used 222378K [0x00000000c0000000, 0x00000000d0d80000, 0x00000000eab00000)
  object space 275968K, 80% used [0x00000000c0000000,0x00000000cd92a8e8,0x00000000d0d80000)
 Metaspace       used 66396K, committed 67392K, reserved 1114112K
  class space    used 6983K, committed 7424K, reserved 1048576K
}
Event: 288.147 GC heap before
{Heap before GC invocations=108 (full 10):
 PSYoungGen      total 22528K, used 22420K [0x00000000eab00000, 0x00000000ec980000, 0x0000000100000000)
  eden space 16896K, 100% used [0x00000000eab00000,0x00000000ebb80000,0x00000000ebb80000)
  from space 5632K, 98% used [0x00000000ec100000,0x00000000ec665078,0x00000000ec680000)
  to   space 3072K, 0% used [0x00000000ec680000,0x00000000ec680000,0x00000000ec980000)
 ParOldGen       total 275968K, used 222378K [0x00000000c0000000, 0x00000000d0d80000, 0x00000000eab00000)
  object space 275968K, 80% used [0x00000000c0000000,0x00000000cd92a8e8,0x00000000d0d80000)
 Metaspace       used 69930K, committed 70848K, reserved 1114112K
  class space    used 7463K, committed 7872K, reserved 1048576K
}
Event: 288.159 GC heap after
{Heap after GC invocations=108 (full 10):
 PSYoungGen      total 19968K, used 3065K [0x00000000eab00000, 0x00000000ec980000, 0x0000000100000000)
  eden space 16896K, 0% used [0x00000000eab00000,0x00000000eab00000,0x00000000ebb80000)
  from space 3072K, 99% used [0x00000000ec680000,0x00000000ec97e540,0x00000000ec980000)
  to   space 4608K, 0% used [0x00000000ec080000,0x00000000ec080000,0x00000000ec500000)
 ParOldGen       total 275968K, used 223045K [0x00000000c0000000, 0x00000000d0d80000, 0x00000000eab00000)
  object space 275968K, 80% used [0x00000000c0000000,0x00000000cd9d15a0,0x00000000d0d80000)
 Metaspace       used 69930K, committed 70848K, reserved 1114112K
  class space    used 7463K, committed 7872K, reserved 1048576K
}
Event: 403.250 GC heap before
{Heap before GC invocations=109 (full 10):
 PSYoungGen      total 19968K, used 19961K [0x00000000eab00000, 0x00000000ec980000, 0x0000000100000000)
  eden space 16896K, 100% used [0x00000000eab00000,0x00000000ebb80000,0x00000000ebb80000)
  from space 3072K, 99% used [0x00000000ec680000,0x00000000ec97e540,0x00000000ec980000)
  to   space 4608K, 0% used [0x00000000ec080000,0x00000000ec080000,0x00000000ec500000)
 ParOldGen       total 275968K, used 223045K [0x00000000c0000000, 0x00000000d0d80000, 0x00000000eab00000)
  object space 275968K, 80% used [0x00000000c0000000,0x00000000cd9d15a0,0x00000000d0d80000)
 Metaspace       used 70588K, committed 71552K, reserved 1114112K
  class space    used 7495K, committed 7936K, reserved 1048576K
}
Event: 403.265 GC heap after
{Heap after GC invocations=109 (full 10):
 PSYoungGen      total 18944K, used 1840K [0x00000000eab00000, 0x00000000ec700000, 0x0000000100000000)
  eden space 16896K, 0% used [0x00000000eab00000,0x00000000eab00000,0x00000000ebb80000)
  from space 2048K, 89% used [0x00000000ec080000,0x00000000ec24c330,0x00000000ec280000)
  to   space 3072K, 0% used [0x00000000ec400000,0x00000000ec400000,0x00000000ec700000)
 ParOldGen       total 275968K, used 224367K [0x00000000c0000000, 0x00000000d0d80000, 0x00000000eab00000)
  object space 275968K, 81% used [0x00000000c0000000,0x00000000cdb1bff0,0x00000000d0d80000)
 Metaspace       used 70588K, committed 71552K, reserved 1114112K
  class space    used 7495K, committed 7936K, reserved 1048576K
}
Event: 480.941 GC heap before
{Heap before GC invocations=110 (full 10):
 PSYoungGen      total 18944K, used 18736K [0x00000000eab00000, 0x00000000ec700000, 0x0000000100000000)
  eden space 16896K, 100% used [0x00000000eab00000,0x00000000ebb80000,0x00000000ebb80000)
  from space 2048K, 89% used [0x00000000ec080000,0x00000000ec24c330,0x00000000ec280000)
  to   space 3072K, 0% used [0x00000000ec400000,0x00000000ec400000,0x00000000ec700000)
 ParOldGen       total 275968K, used 224367K [0x00000000c0000000, 0x00000000d0d80000, 0x00000000eab00000)
  object space 275968K, 81% used [0x00000000c0000000,0x00000000cdb1bff0,0x00000000d0d80000)
 Metaspace       used 70683K, committed 71616K, reserved 1114112K
  class space    used 7495K, committed 7936K, reserved 1048576K
}
Event: 480.958 GC heap after
{Heap after GC invocations=110 (full 10):
 PSYoungGen      total 19968K, used 3069K [0x00000000eab00000, 0x00000000ecb80000, 0x0000000100000000)
  eden space 16896K, 0% used [0x00000000eab00000,0x00000000eab00000,0x00000000ebb80000)
  from space 3072K, 99% used [0x00000000ec400000,0x00000000ec6ff540,0x00000000ec700000)
  to   space 8192K, 0% used [0x00000000ebb80000,0x00000000ebb80000,0x00000000ec380000)
 ParOldGen       total 275968K, used 228154K [0x00000000c0000000, 0x00000000d0d80000, 0x00000000eab00000)
  object space 275968K, 82% used [0x00000000c0000000,0x00000000cdecea08,0x00000000d0d80000)
 Metaspace       used 70683K, committed 71616K, reserved 1114112K
  class space    used 7495K, committed 7936K, reserved 1048576K
}
Event: 484.667 GC heap before
{Heap before GC invocations=111 (full 10):
 PSYoungGen      total 19968K, used 19965K [0x00000000eab00000, 0x00000000ecb80000, 0x0000000100000000)
  eden space 16896K, 100% used [0x00000000eab00000,0x00000000ebb80000,0x00000000ebb80000)
  from space 3072K, 99% used [0x00000000ec400000,0x00000000ec6ff540,0x00000000ec700000)
  to   space 8192K, 0% used [0x00000000ebb80000,0x00000000ebb80000,0x00000000ec380000)
 ParOldGen       total 275968K, used 228154K [0x00000000c0000000, 0x00000000d0d80000, 0x00000000eab00000)
  object space 275968K, 82% used [0x00000000c0000000,0x00000000cdecea08,0x00000000d0d80000)
 Metaspace       used 70706K, committed 71616K, reserved 1114112K
  class space    used 7495K, committed 7936K, reserved 1048576K
}
Event: 484.683 GC heap after
{Heap after GC invocations=111 (full 10):
 PSYoungGen      total 23040K, used 5751K [0x00000000eab00000, 0x00000000ec780000, 0x0000000100000000)
  eden space 16896K, 0% used [0x00000000eab00000,0x00000000eab00000,0x00000000ebb80000)
  from space 6144K, 93% used [0x00000000ebb80000,0x00000000ec11dd30,0x00000000ec180000)
  to   space 6144K, 0% used [0x00000000ec180000,0x00000000ec180000,0x00000000ec780000)
 ParOldGen       total 275968K, used 229726K [0x00000000c0000000, 0x00000000d0d80000, 0x00000000eab00000)
  object space 275968K, 83% used [0x00000000c0000000,0x00000000ce057998,0x00000000d0d80000)
 Metaspace       used 70706K, committed 71616K, reserved 1114112K
  class space    used 7495K, committed 7936K, reserved 1048576K
}
Event: 485.310 GC heap before
{Heap before GC invocations=112 (full 10):
 PSYoungGen      total 23040K, used 22647K [0x00000000eab00000, 0x00000000ec780000, 0x0000000100000000)
  eden space 16896K, 100% used [0x00000000eab00000,0x00000000ebb80000,0x00000000ebb80000)
  from space 6144K, 93% used [0x00000000ebb80000,0x00000000ec11dd30,0x00000000ec180000)
  to   space 6144K, 0% used [0x00000000ec180000,0x00000000ec180000,0x00000000ec780000)
 ParOldGen       total 275968K, used 229726K [0x00000000c0000000, 0x00000000d0d80000, 0x00000000eab00000)
  object space 275968K, 83% used [0x00000000c0000000,0x00000000ce057998,0x00000000d0d80000)
 Metaspace       used 70750K, committed 71680K, reserved 1114112K
  class space    used 7495K, committed 7936K, reserved 1048576K
}
Event: 485.318 GC heap after
{Heap after GC invocations=112 (full 10):
 PSYoungGen      total 21504K, used 4375K [0x00000000eab00000, 0x00000000ec600000, 0x0000000100000000)
  eden space 16896K, 0% used [0x00000000eab00000,0x00000000eab00000,0x00000000ebb80000)
  from space 4608K, 94% used [0x00000000ec180000,0x00000000ec5c5d30,0x00000000ec600000)
  to   space 5120K, 0% used [0x00000000ebc00000,0x00000000ebc00000,0x00000000ec100000)
 ParOldGen       total 275968K, used 229726K [0x00000000c0000000, 0x00000000d0d80000, 0x00000000eab00000)
  object space 275968K, 83% used [0x00000000c0000000,0x00000000ce057998,0x00000000d0d80000)
 Metaspace       used 70750K, committed 71680K, reserved 1114112K
  class space    used 7495K, committed 7936K, reserved 1048576K
}
Event: 628.464 GC heap before
{Heap before GC invocations=113 (full 10):
 PSYoungGen      total 21504K, used 21271K [0x00000000eab00000, 0x00000000ec600000, 0x0000000100000000)
  eden space 16896K, 100% used [0x00000000eab00000,0x00000000ebb80000,0x00000000ebb80000)
  from space 4608K, 94% used [0x00000000ec180000,0x00000000ec5c5d30,0x00000000ec600000)
  to   space 5120K, 0% used [0x00000000ebc00000,0x00000000ebc00000,0x00000000ec100000)
 ParOldGen       total 275968K, used 229726K [0x00000000c0000000, 0x00000000d0d80000, 0x00000000eab00000)
  object space 275968K, 83% used [0x00000000c0000000,0x00000000ce057998,0x00000000d0d80000)
 Metaspace       used 70774K, committed 71680K, reserved 1114112K
  class space    used 7497K, committed 7936K, reserved 1048576K
}
Event: 628.472 GC heap after
{Heap after GC invocations=113 (full 10):
 PSYoungGen      total 19456K, used 2412K [0x00000000eab00000, 0x00000000ec280000, 0x0000000100000000)
  eden space 16896K, 0% used [0x00000000eab00000,0x00000000eab00000,0x00000000ebb80000)
  from space 2560K, 94% used [0x00000000ebc00000,0x00000000ebe5b210,0x00000000ebe80000)
  to   space 3584K, 0% used [0x00000000ebf00000,0x00000000ebf00000,0x00000000ec280000)
 ParOldGen       total 275968K, used 229734K [0x00000000c0000000, 0x00000000d0d80000, 0x00000000eab00000)
  object space 275968K, 83% used [0x00000000c0000000,0x00000000ce059998,0x00000000d0d80000)
 Metaspace       used 70774K, committed 71680K, reserved 1114112K
  class space    used 7497K, committed 7936K, reserved 1048576K
}
Event: 2545.242 GC heap before
{Heap before GC invocations=114 (full 10):
 PSYoungGen      total 19456K, used 19308K [0x00000000eab00000, 0x00000000ec280000, 0x0000000100000000)
  eden space 16896K, 100% used [0x00000000eab00000,0x00000000ebb80000,0x00000000ebb80000)
  from space 2560K, 94% used [0x00000000ebc00000,0x00000000ebe5b210,0x00000000ebe80000)
  to   space 3584K, 0% used [0x00000000ebf00000,0x00000000ebf00000,0x00000000ec280000)
 ParOldGen       total 275968K, used 229734K [0x00000000c0000000, 0x00000000d0d80000, 0x00000000eab00000)
  object space 275968K, 83% used [0x00000000c0000000,0x00000000ce059998,0x00000000d0d80000)
 Metaspace       used 71004K, committed 71936K, reserved 1114112K
  class space    used 7505K, committed 7936K, reserved 1048576K
}
Event: 2545.255 GC heap after
{Heap after GC invocations=114 (full 10):
 PSYoungGen      total 19456K, used 2476K [0x00000000eab00000, 0x00000000ec180000, 0x0000000100000000)
  eden space 16896K, 0% used [0x00000000eab00000,0x00000000eab00000,0x00000000ebb80000)
  from space 2560K, 96% used [0x00000000ebf00000,0x00000000ec16b210,0x00000000ec180000)
  to   space 3072K, 0% used [0x00000000ebb80000,0x00000000ebb80000,0x00000000ebe80000)
 ParOldGen       total 275968K, used 229742K [0x00000000c0000000, 0x00000000d0d80000, 0x00000000eab00000)
  object space 275968K, 83% used [0x00000000c0000000,0x00000000ce05b998,0x00000000d0d80000)
 Metaspace       used 71004K, committed 71936K, reserved 1114112K
  class space    used 7505K, committed 7936K, reserved 1048576K
}
Event: 3392.544 GC heap before
{Heap before GC invocations=115 (full 10):
 PSYoungGen      total 19456K, used 19372K [0x00000000eab00000, 0x00000000ec180000, 0x0000000100000000)
  eden space 16896K, 100% used [0x00000000eab00000,0x00000000ebb80000,0x00000000ebb80000)
  from space 2560K, 96% used [0x00000000ebf00000,0x00000000ec16b210,0x00000000ec180000)
  to   space 3072K, 0% used [0x00000000ebb80000,0x00000000ebb80000,0x00000000ebe80000)
 ParOldGen       total 275968K, used 229742K [0x00000000c0000000, 0x00000000d0d80000, 0x00000000eab00000)
  object space 275968K, 83% used [0x00000000c0000000,0x00000000ce05b998,0x00000000d0d80000)
 Metaspace       used 71026K, committed 71936K, reserved 1114112K
  class space    used 7506K, committed 7936K, reserved 1048576K
}
Event: 3392.562 GC heap after
{Heap after GC invocations=115 (full 10):
 PSYoungGen      total 19968K, used 3058K [0x00000000eab00000, 0x00000000ec580000, 0x0000000100000000)
  eden space 16896K, 0% used [0x00000000eab00000,0x00000000eab00000,0x00000000ebb80000)
  from space 3072K, 99% used [0x00000000ebb80000,0x00000000ebe7c8d8,0x00000000ebe80000)
  to   space 5120K, 0% used [0x00000000ec080000,0x00000000ec080000,0x00000000ec580000)
 ParOldGen       total 275968K, used 230980K [0x00000000c0000000, 0x00000000d0d80000, 0x00000000eab00000)
  object space 275968K, 83% used [0x00000000c0000000,0x00000000ce191060,0x00000000d0d80000)
 Metaspace       used 71026K, committed 71936K, reserved 1114112K
  class space    used 7506K, committed 7936K, reserved 1048576K
}

